[    0.000000] Linux version 4.15.0-161-generic (buildd@lcy01-amd64-012) (gcc version 7.5.0 (Ubuntu 7.5.0-3ubuntu1~18.04)) #169-Ubuntu SMP Fri Oct 15 13:41:54 UTC 2021 (Ubuntu 4.15.0-161.169-generic 4.15.18)
[    0.000000] Command line: BOOT_IMAGE=/boot/vmlinuz-4.15.0-161-generic root=LABEL=cloudimg-rootfs ro console=tty1 console=ttyS0
[    0.000000] KERNEL supported cpus:
[    0.000000]   Intel GenuineIntel
[    0.000000]   AMD AuthenticAMD
[    0.000000]   Centaur CentaurHauls
[    0.000000] x86/fpu: Supporting XSAVE feature 0x001: 'x87 floating point registers'
[    0.000000] x86/fpu: Supporting XSAVE feature 0x002: 'SSE registers'
[    0.000000] x86/fpu: Supporting XSAVE feature 0x004: 'AVX registers'
[    0.000000] x86/fpu: xstate_offset[2]:  576, xstate_sizes[2]:  256
[    0.000000] x86/fpu: Enabled xstate features 0x7, context size is 832 bytes, using 'standard' format.
[    0.000000] e820: BIOS-provided physical RAM map:
[    0.000000] BIOS-e820: [mem 0x0000000000000000-0x000000000009fbff] usable
[    0.000000] BIOS-e820: [mem 0x000000000009fc00-0x000000000009ffff] reserved
[    0.000000] BIOS-e820: [mem 0x00000000000f0000-0x00000000000fffff] reserved
[    0.000000] BIOS-e820: [mem 0x0000000000100000-0x000000001ffeffff] usable
[    0.000000] BIOS-e820: [mem 0x000000001fff0000-0x000000001fffffff] ACPI data
[    0.000000] BIOS-e820: [mem 0x00000000fec00000-0x00000000fec00fff] reserved
[    0.000000] BIOS-e820: [mem 0x00000000fee00000-0x00000000fee00fff] reserved
[    0.000000] BIOS-e820: [mem 0x00000000fffc0000-0x00000000ffffffff] reserved
[    0.000000] NX (Execute Disable) protection: active
[    0.000000] SMBIOS 2.5 present.
[    0.000000] DMI: innotek GmbH VirtualBox/VirtualBox, BIOS VirtualBox 12/01/2006
[    0.000000] Hypervisor detected: KVM
[    0.000000] e820: last_pfn = 0x1fff0 max_arch_pfn = 0x400000000
[    0.000000] MTRR: Disabled
[    0.000000] x86/PAT: MTRRs disabled, skipping PAT initialization too.
[    0.000000] CPU MTRRs all blank - virtualized system.
[    0.000000] x86/PAT: Configuration [0-7]: WB  WT  UC- UC  WB  WT  UC- UC  
[    0.000000] found SMP MP-table at [mem 0x0009fff0-0x0009ffff]
[    0.000000] Scanning 1 areas for low memory corruption
[    0.000000] RAMDISK: [mem 0x1dae4000-0x1edf4fff]
[    0.000000] ACPI: Early table checksum verification disabled
[    0.000000] ACPI: RSDP 0x00000000000E0000 000024 (v02 VBOX  )
[    0.000000] ACPI: XSDT 0x000000001FFF0030 00003C (v01 VBOX   VBOXXSDT 00000001 ASL  00000061)
[    0.000000] ACPI: FACP 0x000000001FFF00F0 0000F4 (v04 VBOX   VBOXFACP 00000001 ASL  00000061)
[    0.000000] ACPI: DSDT 0x000000001FFF0470 002325 (v02 VBOX   VBOXBIOS 00000002 INTL 20100528)
[    0.000000] ACPI: FACS 0x000000001FFF0200 000040
[    0.000000] ACPI: FACS 0x000000001FFF0200 000040
[    0.000000] ACPI: APIC 0x000000001FFF0240 000054 (v02 VBOX   VBOXAPIC 00000001 ASL  00000061)
[    0.000000] ACPI: SSDT 0x000000001FFF02A0 0001CC (v01 VBOX   VBOXCPUT 00000002 INTL 20100528)
[    0.000000] ACPI: Reserving FACP table memory at [mem 0x1fff00f0-0x1fff01e3]
[    0.000000] ACPI: Reserving DSDT table memory at [mem 0x1fff0470-0x1fff2794]
[    0.000000] ACPI: Reserving FACS table memory at [mem 0x1fff0200-0x1fff023f]
[    0.000000] ACPI: Reserving FACS table memory at [mem 0x1fff0200-0x1fff023f]
[    0.000000] ACPI: Reserving APIC table memory at [mem 0x1fff0240-0x1fff0293]
[    0.000000] ACPI: Reserving SSDT table memory at [mem 0x1fff02a0-0x1fff046b]
[    0.000000] No NUMA configuration found
[    0.000000] Faking a node at [mem 0x0000000000000000-0x000000001ffeffff]
[    0.000000] NODE_DATA(0) allocated [mem 0x1ffc5000-0x1ffeffff]
[    0.000000] kvm-clock: cpu 0, msr 0:1ff44001, primary cpu clock
[    0.000000] kvm-clock: Using msrs 4b564d01 and 4b564d00
[    0.000000] kvm-clock: using sched offset of 3288104912 cycles
[    0.000000] clocksource: kvm-clock: mask: 0xffffffffffffffff max_cycles: 0x1cd42e4dffb, max_idle_ns: 881590591483 ns
[    0.000000] Zone ranges:
[    0.000000]   DMA      [mem 0x0000000000001000-0x0000000000ffffff]
[    0.000000]   DMA32    [mem 0x0000000001000000-0x000000001ffeffff]
[    0.000000]   Normal   empty
[    0.000000]   Device   empty
[    0.000000] Movable zone start for each node
[    0.000000] Early memory node ranges
[    0.000000]   node   0: [mem 0x0000000000001000-0x000000000009efff]
[    0.000000]   node   0: [mem 0x0000000000100000-0x000000001ffeffff]
[    0.000000] Reserved but unavailable: 104 pages
[    0.000000] Initmem setup node 0 [mem 0x0000000000001000-0x000000001ffeffff]
[    0.000000] ACPI: PM-Timer IO Port: 0x4008
[    0.000000] IOAPIC[0]: apic_id 1, version 32, address 0xfec00000, GSI 0-23
[    0.000000] ACPI: INT_SRC_OVR (bus 0 bus_irq 0 global_irq 2 dfl dfl)
[    0.000000] ACPI: INT_SRC_OVR (bus 0 bus_irq 9 global_irq 9 low level)
[    0.000000] Using ACPI (MADT) for SMP configuration information
[    0.000000] smpboot: Allowing 1 CPUs, 0 hotplug CPUs
[    0.000000] PM: Registered nosave memory: [mem 0x00000000-0x00000fff]
[    0.000000] PM: Registered nosave memory: [mem 0x0009f000-0x0009ffff]
[    0.000000] PM: Registered nosave memory: [mem 0x000a0000-0x000effff]
[    0.000000] PM: Registered nosave memory: [mem 0x000f0000-0x000fffff]
[    0.000000] e820: [mem 0x20000000-0xfebfffff] available for PCI devices
[    0.000000] Booting paravirtualized kernel on KVM
[    0.000000] clocksource: refined-jiffies: mask: 0xffffffff max_cycles: 0xffffffff, max_idle_ns: 7645519600211568 ns
[    0.000000] random: get_random_bytes called from start_kernel+0x99/0x500 with crng_init=0
[    0.000000] setup_percpu: NR_CPUS:8192 nr_cpumask_bits:1 nr_cpu_ids:1 nr_node_ids:1
[    0.000000] percpu: Embedded 45 pages/cpu s147456 r8192 d28672 u2097152
[    0.000000] PV qspinlock hash table entries: 256 (order: 0, 4096 bytes)
[    0.000000] Built 1 zonelists, mobility grouping on.  Total pages: 128889
[    0.000000] Policy zone: DMA32
[    0.000000] Kernel command line: BOOT_IMAGE=/boot/vmlinuz-4.15.0-161-generic root=LABEL=cloudimg-rootfs ro console=tty1 console=ttyS0
[    0.000000] Memory: 466796K/523832K available (12300K kernel code, 2483K rwdata, 4320K rodata, 2448K init, 2724K bss, 57036K reserved, 0K cma-reserved)
[    0.000000] SLUB: HWalign=64, Order=0-3, MinObjects=0, CPUs=1, Nodes=1
[    0.000000] ftrace: allocating 39475 entries in 155 pages
[    0.004000] Hierarchical RCU implementation.
[    0.004000] 	RCU restricting CPUs from NR_CPUS=8192 to nr_cpu_ids=1.
[    0.004000] 	Tasks RCU enabled.
[    0.004000] RCU: Adjusting geometry for rcu_fanout_leaf=16, nr_cpu_ids=1
[    0.004000] NR_IRQS: 524544, nr_irqs: 256, preallocated irqs: 16
[    0.004000] Console: colour VGA+ 80x25
[    0.004000] console [tty1] enabled
[    0.004000] console [ttyS0] enabled
[    0.004000] ACPI: Core revision 20170831
[    0.004000] ACPI: 2 ACPI AML tables successfully acquired and loaded
[    0.004000] APIC: Switch to symmetric I/O mode setup
[    0.004000] x2apic enabled
[    0.004000] Switched APIC routing to physical x2apic.
[    0.004000] ..TIMER: vector=0x30 apic1=0 pin1=2 apic2=-1 pin2=-1
[    0.004003] tsc: Detected 3599.994 MHz processor
[    0.004779] Calibrating delay loop (skipped) preset value.. 7199.98 BogoMIPS (lpj=14399976)
[    0.005289] pid_max: default: 32768 minimum: 301
[    0.006195] Security Framework initialized
[    0.006793] Yama: becoming mindful.
[    0.008017] AppArmor: AppArmor initialized
[    0.008621] Dentry cache hash table entries: 65536 (order: 7, 524288 bytes)
[    0.012007] Inode-cache hash table entries: 32768 (order: 6, 262144 bytes)
[    0.012915] Mount-cache hash table entries: 1024 (order: 1, 8192 bytes)
[    0.013738] Mountpoint-cache hash table entries: 1024 (order: 1, 8192 bytes)
[    0.014845] process: using mwait in idle threads
[    0.016005] Last level iTLB entries: 4KB 128, 2MB 8, 4MB 8
[    0.016708] Last level dTLB entries: 4KB 64, 2MB 0, 4MB 0, 1GB 4
[    0.017465] Spectre V1 : Mitigation: usercopy/swapgs barriers and __user pointer sanitization
[    0.018544] Spectre V2 : Mitigation: Full generic retpoline
[    0.019299] Spectre V2 : Spectre v2 / SpectreRSB mitigation: Filling RSB on context switch
[    0.020001] Speculative Store Bypass: Vulnerable
[    0.020636] SRBDS: Unknown: Dependent on hypervisor status
[    0.021464] MDS: Mitigation: Clear CPU buffers
[    0.032526] Freeing SMP alternatives memory: 36K
[    0.142798] smpboot: CPU0: Intel(R) Core(TM) i7-9700K CPU @ 3.60GHz (family: 0x6, model: 0x9e, stepping: 0xc)
[    0.144000] Performance Events: unsupported p6 CPU model 158 no PMU driver, software events only.
[    0.144000] Hierarchical SRCU implementation.
[    0.144005] NMI watchdog: Perf event create on CPU 0 failed with -2
[    0.144932] NMI watchdog: Perf NMI watchdog permanently disabled
[    0.145875] smp: Bringing up secondary CPUs ...
[    0.146544] smp: Brought up 1 node, 1 CPU
[    0.147141] smpboot: Max logical packages: 1
[    0.147776] smpboot: Total of 1 processors activated (7199.98 BogoMIPS)
[    0.148083] devtmpfs: initialized
[    0.148692] x86/mm: Memory block size: 128MB
[    0.149425] evm: security.selinux
[    0.149941] evm: security.SMACK64
[    0.150505] evm: security.SMACK64EXEC
[    0.152003] evm: security.SMACK64TRANSMUTE
[    0.152646] evm: security.SMACK64MMAP
[    0.153198] evm: security.apparmor
[    0.153733] evm: security.ima
[    0.154202] evm: security.capability
[    0.154880] clocksource: jiffies: mask: 0xffffffff max_cycles: 0xffffffff, max_idle_ns: 7645041785100000 ns
[    0.156008] futex hash table entries: 256 (order: 2, 16384 bytes)
[    0.156945] pinctrl core: initialized pinctrl subsystem
[    0.157772] RTC time: 12:25:41, date: 10/31/21
[    0.158500] NET: Registered protocol family 16
[    0.159231] audit: initializing netlink subsys (disabled)
[    0.160086] cpuidle: using governor ladder
[    0.160854] cpuidle: using governor menu
[    0.161599] ACPI: bus type PCI registered
[    0.162212] acpiphp: ACPI Hot Plug PCI Controller Driver version: 0.5
[    0.163188] PCI: Using configuration type 1 for base access
[    0.164024] audit: type=2000 audit(1635683146.097:1): state=initialized audit_enabled=0 res=1
[    0.166040] HugeTLB registered 2.00 MiB page size, pre-allocated 0 pages
[    0.167149] ACPI: Added _OSI(Module Device)
[    0.168003] ACPI: Added _OSI(Processor Device)
[    0.168717] ACPI: Added _OSI(3.0 _SCP Extensions)
[    0.169411] ACPI: Added _OSI(Processor Aggregator Device)
[    0.170218] ACPI: Added _OSI(Linux-Dell-Video)
[    0.170880] ACPI: Added _OSI(Linux-Lenovo-NV-HDMI-Audio)
[    0.171687] ACPI: Added _OSI(Linux-HPI-Hybrid-Graphics)
[    0.172227] ACPI: Executed 1 blocks of module-level executable AML code
[    0.176865] ACPI: Interpreter enabled
[    0.177479] ACPI: (supports S0 S5)
[    0.178073] ACPI: Using IOAPIC for interrupt routing
[    0.179188] PCI: Using host bridge windows from ACPI; if necessary, use "pci=nocrs" and report a bug
[    0.180228] ACPI: Enabled 2 GPEs in block 00 to 07
[    0.186997] ACPI: PCI Root Bridge [PCI0] (domain 0000 [bus 00-ff])
[    0.187842] acpi PNP0A03:00: _OSC: OS supports [ASPM ClockPM Segments MSI]
[    0.188443] acpi PNP0A03:00: _OSC: not requesting OS control; OS requires [ExtendedConfig ASPM ClockPM MSI]
[    0.189686] acpi PNP0A03:00: fail to add MMCONFIG information, can't access extended PCI configuration space under this bridge.
[    0.192266] PCI host bridge to bus 0000:00
[    0.192849] pci_bus 0000:00: root bus resource [io  0x0000-0x0cf7 window]
[    0.193704] pci_bus 0000:00: root bus resource [io  0x0d00-0xffff window]
[    0.194648] pci_bus 0000:00: root bus resource [mem 0x000a0000-0x000bffff window]
[    0.195754] pci_bus 0000:00: root bus resource [mem 0x20000000-0xfdffffff window]
[    0.196002] pci_bus 0000:00: root bus resource [bus 00-ff]
[    0.198208] pci 0000:00:01.1: legacy IDE quirk: reg 0x10: [io  0x01f0-0x01f7]
[    0.200002] pci 0000:00:01.1: legacy IDE quirk: reg 0x14: [io  0x03f6]
[    0.200883] pci 0000:00:01.1: legacy IDE quirk: reg 0x18: [io  0x0170-0x0177]
[    0.201817] pci 0000:00:01.1: legacy IDE quirk: reg 0x1c: [io  0x0376]
[    0.209501] pci 0000:00:07.0: quirk: [io  0x4000-0x403f] claimed by PIIX4 ACPI
[    0.210559] pci 0000:00:07.0: quirk: [io  0x4100-0x410f] claimed by PIIX4 SMB
[    0.214394] ACPI: PCI Interrupt Link [LNKA] (IRQs 5 9 10 *11)
[    0.215509] ACPI: PCI Interrupt Link [LNKB] (IRQs 5 9 *10 11)
[    0.216109] ACPI: PCI Interrupt Link [LNKC] (IRQs 5 *9 10 11)
[    0.217101] ACPI: PCI Interrupt Link [LNKD] (IRQs 5 9 10 *11)
[    0.218206] SCSI subsystem initialized
[    0.218880] pci 0000:00:02.0: vgaarb: setting as boot VGA device
[    0.219797] pci 0000:00:02.0: vgaarb: VGA device added: decodes=io+mem,owns=io+mem,locks=none
[    0.220003] pci 0000:00:02.0: vgaarb: bridge control possible
[    0.220828] vgaarb: loaded
[    0.221318] ACPI: bus type USB registered
[    0.221956] usbcore: registered new interface driver usbfs
[    0.224011] usbcore: registered new interface driver hub
[    0.224789] usbcore: registered new device driver usb
[    0.225626] EDAC MC: Ver: 3.0.0
[    0.226312] PCI: Using ACPI for IRQ routing
[    0.227286] NetLabel: Initializing
[    0.228002] NetLabel:  domain hash size = 128
[    0.228649] NetLabel:  protocols = UNLABELED CIPSOv4 CALIPSO
[    0.229547] NetLabel:  unlabeled traffic allowed by default
[    0.230446] clocksource: Switched to clocksource kvm-clock
[    0.243994] VFS: Disk quotas dquot_6.6.0
[    0.244671] VFS: Dquot-cache hash table entries: 512 (order 0, 4096 bytes)
[    0.245793] AppArmor: AppArmor Filesystem Enabled
[    0.246516] pnp: PnP ACPI init
[    0.247829] pnp: PnP ACPI: found 3 devices
[    0.253807] clocksource: acpi_pm: mask: 0xffffff max_cycles: 0xffffff, max_idle_ns: 2085701024 ns
[    0.255134] NET: Registered protocol family 2
[    0.255900] IP idents hash table entries: 8192 (order: 4, 65536 bytes)
[    0.256932] TCP established hash table entries: 4096 (order: 3, 32768 bytes)
[    0.257918] TCP bind hash table entries: 4096 (order: 4, 65536 bytes)
[    0.258947] TCP: Hash tables configured (established 4096 bind 4096)
[    0.259860] UDP hash table entries: 256 (order: 1, 8192 bytes)
[    0.260812] UDP-Lite hash table entries: 256 (order: 1, 8192 bytes)
[    0.261766] NET: Registered protocol family 1
[    0.262499] pci 0000:00:00.0: Limiting direct PCI/PCI transfers
[    0.263410] pci 0000:00:01.0: Activating ISA DMA hang workarounds
[    0.264416] pci 0000:00:02.0: Video device with shadowed ROM at [mem 0x000c0000-0x000dffff]
[    0.265727] Unpacking initramfs...
[    0.493512] Freeing initrd memory: 19524K
[    0.494165] clocksource: tsc: mask: 0xffffffffffffffff max_cycles: 0x33e44d1104f, max_idle_ns: 440795213615 ns
[    0.495687] platform rtc_cmos: registered platform RTC device (no PNP device found)
[    0.496889] Scanning for low memory corruption every 60 seconds
[    0.498194] Initialise system trusted keyrings
[    0.498905] Key type blacklist registered
[    0.499556] workingset: timestamp_bits=36 max_order=17 bucket_order=0
[    0.501328] zbud: loaded
[    0.502132] squashfs: version 4.0 (2009/01/31) Phillip Lougher
[    0.503159] fuse init (API version 7.26)
[    0.504260] Key type asymmetric registered
[    0.504892] Asymmetric key parser 'x509' registered
[    0.505761] Block layer SCSI generic (bsg) driver version 0.4 loaded (major 246)
[    0.506848] io scheduler noop registered
[    0.507479] io scheduler deadline registered
[    0.508138] io scheduler cfq registered (default)
[    0.508987] ACPI: AC Adapter [AC] (on-line)
[    0.509655] input: Power Button as /devices/LNXSYSTM:00/LNXPWRBN:00/input/input0
[    0.510836] ACPI: Power Button [PWRF]
[    0.511490] input: Sleep Button as /devices/LNXSYSTM:00/LNXSLPBN:00/input/input1
[    0.513118] ACPI: Sleep Button [SLPF]
[    0.513840] Serial: 8250/16550 driver, 32 ports, IRQ sharing enabled
[    0.535300] 00:02: ttyS0 at I/O 0x3f8 (irq = 4, base_baud = 115200) is a 16550A
[    0.537552] Linux agpgart interface v0.103
[    0.538916] loop: module loaded
[    0.539780] scsi host0: ata_piix
[    0.540395] scsi host1: ata_piix
[    0.540979] ata1: PATA max UDMA/33 cmd 0x1f0 ctl 0x3f6 bmdma 0xd000 irq 14
[    0.541977] ata2: PATA max UDMA/33 cmd 0x170 ctl 0x376 bmdma 0xd008 irq 15
[    0.543196] libphy: Fixed MDIO Bus: probed
[    0.543859] tun: Universal TUN/TAP device driver, 1.6
[    0.544702] PPP generic driver version 2.4.2
[    0.545592] ehci_hcd: USB 2.0 'Enhanced' Host Controller (EHCI) Driver
[    0.546592] ehci-pci: EHCI PCI platform driver
[    0.547263] ehci-platform: EHCI generic platform driver
[    0.548088] ohci_hcd: USB 1.1 'Open' Host Controller (OHCI) Driver
[    0.549048] ohci-pci: OHCI PCI platform driver
[    0.549742] ohci-platform: OHCI generic platform driver
[    0.550503] uhci_hcd: USB Universal Host Controller Interface driver
[    0.551538] i8042: PNP: PS/2 Controller [PNP0303:PS2K,PNP0f03:PS2M] at 0x60,0x64 irq 1,12
[    0.553349] serio: i8042 KBD port at 0x60,0x64 irq 1
[    0.554103] serio: i8042 AUX port at 0x60,0x64 irq 12
[    0.554927] mousedev: PS/2 mouse device common for all mice
[    0.555956] input: AT Translated Set 2 keyboard as /devices/platform/i8042/serio0/input/input2
[    0.557508] rtc_cmos rtc_cmos: rtc core: registered rtc_cmos as rtc0
[    0.558449] rtc_cmos rtc_cmos: alarms up to one day, 114 bytes nvram
[    0.559521] i2c /dev entries driver
[    0.560108] device-mapper: uevent: version 1.0.3
[    0.560845] device-mapper: ioctl: 4.37.0-ioctl (2017-09-20) initialised: dm-devel@redhat.com
[    0.562129] ledtrig-cpu: registered to indicate activity on CPUs
[    0.563058] intel_pmc_core:  initialized
[    0.563781] NET: Registered protocol family 10
[    0.566497] Segment Routing with IPv6
[    0.567132] NET: Registered protocol family 17
[    0.567875] Key type dns_resolver registered
[    0.568729] mce: Using 0 MCE banks
[    0.569266] RAS: Correctable Errors collector initialized.
[    0.570067] sched_clock: Marking stable (568656263, 0)->(709571843, -140915580)
[    0.571191] registered taskstats version 1
[    0.571864] Loading compiled-in X.509 certificates
[    0.573866] Loaded X.509 cert 'Build time autogenerated kernel key: 1542c441293f32312405dc023a70312e7f0d3f0a'
[    0.575596] Loaded X.509 cert 'Canonical Ltd. Live Patch Signing: 14df34d1a87cf37625abec039ef2bf521249b969'
[    0.577350] Loaded X.509 cert 'Canonical Ltd. Kernel Module Signing: 88f752e560a1e0737e31163a466ad7b70a850c19'
[    0.578728] zswap: loaded using pool lzo/zbud
[    0.581234] Key type big_key registered
[    0.581815] Key type trusted registered
[    0.583255] Key type encrypted registered
[    0.583887] AppArmor: AppArmor sha1 policy hashing enabled
[    0.584738] ima: No TPM chip found, activating TPM-bypass! (rc=-19)
[    0.585687] ima: Allocated hash algorithm: sha1
[    0.586410] evm: HMAC attrs: 0x1
[    0.587074]   Magic number: 9:3:432
[    0.587671] rtc_cmos rtc_cmos: setting system clock to 2021-10-31 12:25:42 UTC (1635683142)
[    0.589204] BIOS EDD facility v0.16 2004-Jun-25, 0 devices found
[    0.590094] EDD information not available.
[    0.734952] Freeing unused kernel image memory: 2448K
[    0.744137] Write protecting the kernel read-only data: 20480k
[    0.746848] Freeing unused kernel image memory: 2008K
[    0.748969] Freeing unused kernel image memory: 1824K
[    0.763581] x86/mm: Checked W+X mappings: passed, no W+X pages found.
Loading, please wait...
starting version 237
[    0.843382] e1000: Intel(R) PRO/1000 Network Driver - version 7.3.21-k8-NAPI
[    0.844457] e1000: Copyright (c) 1999-2006 Intel Corporation.
[    0.847536] Fusion MPT base driver 3.04.20
[    0.848260] Copyright (c) 1999-2008 LSI Corporation
[    0.850905] Fusion MPT SPI Host driver 3.04.20
[    0.869356] AVX2 version of gcm_enc/dec engaged.
[    0.870080] AES CTR mode by8 optimization enabled
[    1.057164] input: ImExPS/2 Generic Explorer Mouse as /devices/platform/i8042/serio1/input/input4
[    1.219426] e1000 0000:00:03.0 eth0: (PCI:33MHz:32-bit) 02:ba:d0:7d:d1:53
[    1.220538] e1000 0000:00:03.0 eth0: Intel(R) PRO/1000 Network Connection
[    1.222890] e1000 0000:00:03.0 enp0s3: renamed from eth0
[    1.248647] mptbase: ioc0: Initiating bringup
[    1.344164] ioc0: LSI53C1030 A0: Capabilities={Initiator}
[    1.586114] scsi host2: ioc0: LSI53C1030 A0, FwRev=00000000h, Ports=1, MaxQ=256, IRQ=20
[    1.752834] scsi 2:0:0:0: Direct-Access     VBOX     HARDDISK         1.0  PQ: 0 ANSI: 5
[    1.755502] scsi target2:0:0: Beginning Domain Validation
[    1.760704] scsi target2:0:0: Domain Validation skipping write tests
[    1.761758] scsi target2:0:0: Ending Domain Validation
[    1.762589] scsi target2:0:0: asynchronous
[    1.763718] scsi 2:0:1:0: Direct-Access     VBOX     HARDDISK         1.0  PQ: 0 ANSI: 5
[    1.765004] scsi target2:0:1: Beginning Domain Validation
[    1.765853] random: fast init done
[    1.767713] scsi target2:0:1: Domain Validation skipping write tests
[    1.768663] scsi target2:0:1: Ending Domain Validation
[    1.769506] scsi target2:0:1: asynchronous
[    1.773180] random: systemd-udevd: uninitialized urandom read (16 bytes read)
[    1.774250] random: systemd-udevd: uninitialized urandom read (16 bytes read)
[    1.775270] random: systemd-udevd: uninitialized urandom read (16 bytes read)
[    1.776546] sd 2:0:0:0: [sda] 83886080 512-byte logical blocks: (42.9 GB/40.0 GiB)
[    1.777712] sd 2:0:0:0: [sda] Write Protect is off
[    1.778448] sd 2:0:0:0: Attached scsi generic sg0 type 0
[    1.779808] sd 2:0:0:0: [sda] Incomplete mode parameter data
[    1.780661] sd 2:0:0:0: [sda] Assuming drive cache: write through
[    1.781832] sd 2:0:1:0: Attached scsi generic sg1 type 0
[    1.782828] sd 2:0:1:0: [sdb] 20480 512-byte logical blocks: (10.5 MB/10.0 MiB)
[    1.783954] sd 2:0:1:0: [sdb] Write Protect is off
[    1.784885] sd 2:0:1:0: [sdb] Incomplete mode parameter data
[    1.785759] sd 2:0:1:0: [sdb] Assuming drive cache: write through
[    1.813161]  sda: sda1
[    1.814709] sd 2:0:0:0: [sda] Attached SCSI disk
[    1.816066] sd 2:0:1:0: [sdb] Attached SCSI disk
Begin: Loading essential drivers ... [    3.224073] raid6: sse2x1   gen() 15857 MB/s
[    3.272011] raid6: sse2x1   xor() 11565 MB/s
[    3.320480] raid6: sse2x2   gen() 20058 MB/s
[    3.368074] raid6: sse2x2   xor() 13208 MB/s
[    3.416086] raid6: sse2x4   gen() 22764 MB/s
[    3.464075] raid6: sse2x4   xor() 13813 MB/s
[    3.512423] raid6: avx2x1   gen() 32270 MB/s
[    3.560036] raid6: avx2x1   xor() 22265 MB/s
[    3.608073] raid6: avx2x2   gen() 39620 MB/s
[    3.656084] raid6: avx2x2   xor() 24166 MB/s
[    3.704377] raid6: avx2x4   gen() 44541 MB/s
[    3.752494] raid6: avx2x4   xor() 25989 MB/s
[    3.753157] raid6: using algorithm avx2x4 gen() 44541 MB/s
[    3.753962] raid6: .... xor() 25989 MB/s, rmw enabled
[    3.754816] raid6: using avx2x2 recovery algorithm
[    3.756867] xor: automatically using best checksumming function   avx       
[    3.758906] async_tx: api initialized (async)
done.
Begin: Running /scripts/init-premount ... done.
Begin: Mounting root file system ... Begin: Running /scripts/local-top ... done.
Begin: Running /scripts/local-premount ... [    3.799273] Btrfs loaded, crc32c=crc32c-intel
Scanning for Btrfs filesystems
done.
Warning: fsck not present, so skipping root file system
[    3.828455] EXT4-fs (sda1): mounted filesystem with ordered data mode. Opts: (null)
done.
Begin: Running /scripts/local-bottom ... done.
Begin: Running /scripts/init-bottom ... done.
[    4.015913] ip_tables: (C) 2000-2006 Netfilter Core Team
[    4.023893] systemd[1]: systemd 237 running in system mode. (+PAM +AUDIT +SELINUX +IMA +APPARMOR +SMACK +SYSVINIT +UTMP +LIBCRYPTSETUP +GCRYPT +GNUTLS +ACL +XZ +LZ4 +SECCOMP +BLKID +ELFUTILS +KMOD -IDN2 +IDN -PCRE2 default-hierarchy=hybrid)
[    4.026744] systemd[1]: Detected virtualization oracle.
[    4.027449] systemd[1]: Detected architecture x86-64.

Welcome to [1mUbuntu 18.04.6 LTS[0m!

[    4.031869] systemd[1]: Set hostname to <ubuntu>.
[    4.035623] systemd[1]: Initializing machine ID from random generator.
[    4.036573] systemd[1]: Installed transient /etc/machine-id file.
[    4.313256] systemd[1]: Reached target System Time Synchronized.
[[0;32m  OK  [0m] Reached target System Time Synchronized.
[    4.314812] systemd[1]: Set up automount Arbitrary Executable File Formats File System Automount Point.
[[0;32m  OK  [0m] Set up automount Arbitrary Executab…rmats File System Automount Point.
[    4.316992] systemd[1]: Reached target User and Group Name Lookups.
[[0;32m  OK  [0m] Reached target User and Group Name Lookups.
[    4.318467] systemd[1]: Started Forward Password Requests to Wall Directory Watch.
[[0;32m  OK  [0m] Started Forward Password Requests to Wall Directory Watch.
[[0;32m  OK  [0m] Created slice User and Session Slice.
[[0;32m  OK  [0m] Created slice System Slice.
[[0;32m  OK  [0m] Reached target Slices.
[[0;32m  OK  [0m] Listening on Syslog Socket.
[[0;32m  OK  [0m] Listening on Journal Socket (/dev/log).
[[0;32m  OK  [0m] Listening on Device-mapper event daemon FIFOs.
[[0;32m  OK  [0m] Listening on udev Kernel Socket.
[[0;32m  OK  [0m] Listening on fsck to fsckd communication Socket.
[[0;32m  OK  [0m] Listening on LVM2 metadata daemon socket.
[[0;32m  OK  [0m] Created slice system-serial\x2dgetty.slice.
[[0;32m  OK  [0m] Listening on Journal Socket.
         Mounting Huge Pages File System...
         Mounting Kernel Debug File System...
[[0;32m  OK  [0m] Listening on Network Service Netlink Socket.
[[0;32m  OK  [0m] Listening on /dev/initctl Compatibility Named Pipe.
         Starting Monitoring of LVM2 mirrors…ng dmeventd or progress polling...
         Starting Uncomplicated firewall...
         Mounting POSIX Message Queue File System...
         Starting Load Kernel Modules...
         Starting Create list of required st…ce nodes for the current kernel...
         Starting File System Check on Root Device...
[[0;32m  OK  [0m] Listening on Journal Audit Socket.
         Starting Journal Service...
         Starting Set the console keyboard layout...
[[0;32m  OK  [0m] Listening on LVM2 poll daemon socket.
[[0;32m  OK  [0m] Reached target Swap.
[[0;32m  OK  [0m] Listening on udev Control Socket.
         Starting udev Coldplug all Devices...
[[0;32m  OK  [0m] Started LVM2 metadata daemon.
[[0;32m  OK  [0m] Started Uncomplicated firewall.
[    4.403292] Loading iSCSI transport class v2.0-870.
[[0;32m  OK  [0m] Started Create list of required sta…vice nodes for the current kernel.
[    4.408389] iscsi: registered transport (tcp)
[[0;32m  OK  [0m] Started File System Check Daemon to report status.
         Starting Create Static Device Nodes in /dev...
[[0;32m  OK  [0m] Started Journal Service.
[[0;32m  OK  [0m] Mounted Huge Pages File System.
[[0;32m  OK  [0m] Mounted Kernel Debug File System.
[[0;32m  OK  [0m] Mounted POSIX Message Queue File System.
[[0;32m  OK  [0m] Started udev Coldplug all Devices.
[[0;32m  OK  [0m] Started File System Check on Root Device.
         Starting Remount Root and Kernel File Systems...
[    4.505196] iscsi: registered transport (iser)
[[0;32m  OK  [0m] Started Load Kernel Modules.
         Mounting FUSE Control File System...
         Starting Apply Kernel Variables...
         Mounting Kernel Configuration File System...
[[0;32m  OK  [0m] Started Monitoring of LVM2 mirrors,…sing dmeventd or progress polling.
[[0;32m  OK  [0m] Started Create Static Device Nodes in /dev.
[[0;32m  OK  [0m] Mounted FUSE Control File System.
[[0;32m  OK  [0m] Mounted Kernel Configuration File System.
[[0;32m  OK  [0m] Started Remount Root and Kernel File Systems.
         Starting udev Kernel Device Manager...
         Starting Load/Save Random Seed...
         Starting Flush Journal to Persistent Storage...
[[0;32m  OK  [0m] Started Apply Kernel Variables.
[[0;32m  OK  [0m] Started udev Kernel Device Manager.
[[0;32m  OK  [0m] Started Load/Save Random Seed.
[[0;32m  OK  [0m] Started Flush Journal to Persistent Storage.
[[0;32m  OK  [0m] Found device /dev/ttyS0.
[[0;32m  OK  [0m] Listening on Load/Save RF Kill Switch Status /dev/rfkill Watch.
[[0;32m  OK  [0m] Started Set the console keyboard layout.
[[0;32m  OK  [0m] Reached target Local File Systems (Pre).
[[0;32m  OK  [0m] Reached target Local File Systems.
         Starting ebtables ruleset management...
         Starting Tell Plymouth To Write Out Runtime Data...
         Starting Commit a transient machine-id on disk...
         Starting Set console font and keymap...
         Starting AppArmor initialization...
         Starting Create Volatile Files and Directories...
[[0;32m  OK  [0m] Started Dispatch Password Requests to Console Directory Watch.
[[0;32m  OK  [0m] Reached target Local Encrypted Volumes.
[[0;32m  OK  [0m] Started Tell Plymouth To Write Out Runtime Data.
[[0;32m  OK  [0m] Started Commit a transient machine-id on disk.
[[0;32m  OK  [0m] Started Set console font and keymap.
[[0;32m  OK  [0m] Started Create Volatile Files and Directories.
         Starting Update UTMP about System Boot/Shutdown...
[[0;32m  OK  [0m] Started Update UTMP about System Boot/Shutdown.
[[0;32m  OK  [0m] Started ebtables ruleset management.
[[0;32m  OK  [0m] Started AppArmor initialization.
         Starting Initial cloud-init job (pre-networking)...
         Starting Load AppArmor profiles managed internally by snapd...
[[0;32m  OK  [0m] Started Load AppArmor profiles managed internally by snapd.
[    8.770814] cloud-init[699]: Cloud-init v. 21.3-1-g6803368d-0ubuntu1~18.04.4 running 'init-local' at Sun, 31 Oct 2021 12:25:50 +0000. Up 8.44 seconds.
[[0;32m  OK  [0m] Started Initial cloud-init job (pre-networking).
[[0;32m  OK  [0m] Reached target Network (Pre).
         Starting Network Service...
[[0;32m  OK  [0m] Started Network Service.
         Starting Wait for Network to be Configured...
         Starting Network Name Resolution...
[[0;32m  OK  [0m] Started Network Name Resolution.
[[0;32m  OK  [0m] Reached target Network.
[[0;32m  OK  [0m] Reached target Host and Network Name Lookups.
[[0;32m  OK  [0m] Started Wait for Network to be Configured.
         Starting Initial cloud-init job (metadata service crawler)...
[   10.560482] cloud-init[813]: Cloud-init v. 21.3-1-g6803368d-0ubuntu1~18.04.4 running 'init' at Sun, 31 Oct 2021 12:25:52 +0000. Up 10.41 seconds.
[   10.572124] cloud-init[813]: ci-info: ++++++++++++++++++++++++++++++++++++++Net device info++++++++++++++++++++++++++++++++++++++
[   10.584172] cloud-init[813]: ci-info: +--------+------+----------------------------+---------------+--------+-------------------+
[   10.596136] cloud-init[813]: ci-info: | Device |  Up  |          Address           |      Mask     | Scope  |     Hw-Address    |
[   10.596797] cloud-init[813]: ci-info: +--------+------+----------------------------+---------------+--------+-------------------+
[   10.597880] cloud-init[813]: ci-info: | enp0s3 | True |         10.0.2.15          | 255.255.255.0 | global | 02:ba:d0:7d:d1:53 |
[   10.598851] cloud-init[813]: ci-info: | enp0s3 | True | fe80::ba:d0ff:fe7d:d153/64 |       .       |  link  | 02:ba:d0:7d:d1:53 |
[   10.600067] cloud-init[813]: ci-info: |   lo   | True |         127.0.0.1          |   255.0.0.0   |  host  |         .         |
[   10.601122] cloud-init[813]: ci-info: |   lo   | True |          ::1/128           |       .       |  host  |         .         |
[   10.602325] cloud-init[813]: ci-info: +--------+------+----------------------------+---------------+--------+-------------------+
[   10.603622] cloud-init[813]: ci-info: ++++++++++++++++++++++++++++Route IPv4 info+++++++++++++++++++++++++++++
[   10.605072] cloud-init[813]: ci-info: +-------+-------------+----------+-----------------+-----------+-------+
[   10.606311] cloud-init[813]: ci-info: | Route | Destination | Gateway  |     Genmask     | Interface | Flags |
[   10.611487] cloud-init[813]: ci-info: +-------+-------------+----------+-----------------+-----------+-------+
[   10.611964] cloud-init[813]: ci-info: |   0   |   0.0.0.0   | 10.0.2.2 |     0.0.0.0     |   enp0s3  |   UG  |
[   10.612975] cloud-init[813]: ci-info: |   1   |   10.0.2.0  | 0.0.0.0  |  255.255.255.0  |   enp0s3  |   U   |
[   10.615177] cloud-init[813]: ci-info: |   2   |   10.0.2.2  | 0.0.0.0  | 255.255.255.255 |   enp0s3  |   UH  |
[   10.616181] cloud-init[813]: ci-info: +-------+-------------+----------+-----------------+-----------+-------+
[   10.617044] cloud-init[813]: ci-info: +++++++++++++++++++Route IPv6 info+++++++++++++++++++
[   10.617907] cloud-init[813]: ci-info: +-------+-------------+---------+-----------+-------+
[   10.619594] cloud-init[813]: ci-info: | Route | Destination | Gateway | Interface | Flags |
[   10.622013] cloud-init[813]: ci-info: +-------+-------------+---------+-----------+-------+
[   10.622996] cloud-init[813]: ci-info: |   1   |  fe80::/64  |    ::   |   enp0s3  |   U   |
[   10.623895] cloud-init[813]: ci-info: |   3   |    local    |    ::   |   enp0s3  |   U   |
[   10.624976] cloud-init[813]: ci-info: |   4   |   ff00::/8  |    ::   |   enp0s3  |   U   |
[   10.625827] cloud-init[813]: ci-info: +-------+-------------+---------+-----------+-------+
[   11.108004] cloud-init[813]: Generating public/private rsa key pair.
[   11.120135] cloud-init[813]: Your identification has been saved in /etc/ssh/ssh_host_rsa_key.
[   11.120705] cloud-init[813]: Your public key has been saved in /etc/ssh/ssh_host_rsa_key.pub.
[   11.132131] cloud-init[813]: The key fingerprint is:
[   11.144193] cloud-init[813]: SHA256:KQCwbUHY3Ow/3gi6jsy01fbjEAtsfVJDBTrxgNnybtE root@ubuntu-bionic
[[0;32m  OK  [0m] Started Initial cloud-init job (metadata service crawler).
[[0;32m  OK  [0m] Reached target Network is Online.
[   11.159160] cloud-init[813]: The key's randomart image is:
         Starting Availability of block devices...
[[0;32m  OK  [0m] Reached target Remote File Systems (Pre).
[[0;32m  OK  [0m] Reached target Remote File Systems.
[[0;32m  OK  [0m] Reached target System Initialization.
         Starting Socket activation for snappy daemon.
[[0;32m  OK  [0m] Started Daily apt download activities.
[[0;32m  OK  [0m] Listening on UUID daemon activation socket.
[[0;32m  OK  [0m] Started Daily Cleanup of Temporary Directories.[   11.173783] cloud-init[813]: +---[RSA 2048]----+
[   11.200854] cloud-init[813]: |.*+o+o oo.       |
[   11.201405] cloud-init[813]: |.oo*o.*          |
[   11.201954] cloud-init[813]: |. o.+o.+         |
[   11.202505] cloud-init[813]: | .. o+oE..       |
[   11.203054] cloud-init[813]: |   +.=o.S        |
[   11.203607] cloud-init[813]: |  . +oB.         |

         Starting LXD - unix socket.
[[0;32m  OK  [0m] Started ACPI Events Check.
[[0;32m  OK  [0m] Reached target Paths.
[[0;32m  OK  [0m] Started Discard unused blocks once a week.
[[0;32m  OK  [0m] Started Message of the Day.
[[0;32m  OK  [0m] Listening on cloud-init hotplug hook socket.
[[0;32m  OK  [0m] Started Ubuntu Advantage update messaging.
[[0;32m  OK  [0m] Listening on D-Bus System Message Bus Socket.
[[0;32m  OK  [0m] Listening on Open-iSCSI iscsid Socket.
[[0;32m  OK  [0m] Listening on ACPID Listen Socket.
[[0;32m  OK  [0m] Started Daily apt upgrade and clean activities.
[[0;32m  OK  [0m] Reached target Timers.
[   11.204051] cloud-init[813]: | . o.B +         |[[0;32m  OK  [0m] Reached target Cloud-config availability.

[   11.237423] cloud-init[813]: |+.+ . =..        |
[[0;32m  OK  [0m] Started Availability of block devices.
[   11.238598] cloud-init[813]: |.=o.  .o.        |
[   11.239231] cloud-init[813]: +----[SHA256]-----+
[[0;32m  OK  [0m] Listening on Socket activation for snappy daemon.[   11.240420] cloud-init[813]: Generating public/private dsa key pair.
[   11.240973] cloud-init[813]: Your identification has been saved in /etc/ssh/ssh_host_dsa_key.
[   11.241828] cloud-init[813]: Your public key has been saved in /etc/ssh/ssh_host_dsa_key.pub.
[   11.242683] cloud-init[813]: The key fingerprint is:
[   11.243254] cloud-init[813]: SHA256:cq2dNXtDsw51WbPG3j0Gp/nuFyRWkAtLpN64zxo4lcc root@ubuntu-bionic
[[0;32m  OK  [0m] Listening on LXD - unix socket.
[[0;32m  OK  [0m] Reached target Sockets.
[[0;32m  OK  [0m] Reached target Basic System.

[   11.245817] cloud-init[813]:          Starting Pollinate to seed the pseudo random number generator...
         Starting Accounts Service...
         Starting Virtualbox guest utils...
         Starting Login Service...
The key's randomart image is:
[   11.259886] cloud-init[813]: +---[DSA 1024]----+
[   11.262614] cloud-init[813]: |          .. .o  |
[   11.263445] cloud-init[813]: |          .o . . |
[   11.264127] cloud-init[813]: |         .. o o..|
[   11.265489] cloud-init[813]: |        ..=. +..=|
[   11.266794] cloud-init[813]: |      . S=.E+.**.|
[[0;32m  OK  [0m] Started Regular background program processing daemon.
[   11.275986] cloud-init[813]: |       ooooo =B=o|
         Starting LXD - container startup/shutdown...
[   11.283690] cloud-init[813]: |       o.oo oo+++|
[   11.285143] cloud-init[813]: |        . +  +o.o|
[   11.296184] cloud-init[813]: |         ..o  ++.|
[   11.308205] cloud-init[813]: +----[SHA256]-----+
[   11.308821] cloud-init[813]: Generating public/private ecdsa key pair.
[   11.320905] cloud-init[813]: Your identification has been saved in /etc/ssh/ssh_host_ecdsa_key.
[   11.332184] cloud-init[813]: Your public key has been saved in /etc/ssh/ssh_host_ecdsa_key.pub.
[   11.344156] cloud-init[813]: The key fingerprint is:
[   11.344770] cloud-init[813]: SHA256:Ozcb8iR/fMTB8psnY6QkGu3Y9njcqNZsjScH+6PwsrY root@ubuntu-bionic
[   11.345713] cloud-init[813]: The key's randomart image is:
[   11.346468] cloud-init[813]: +---[ECDSA 256]---+
[   11.347275] cloud-init[813]: |                 |
[   11.347840] cloud-init[813]: |                 |
[   11.348593] cloud-init[813]: |             .   |
[   11.349061] cloud-init[813]: |            . o  |
[   11.349855] cloud-init[813]: |        S.   + . |
[   11.350348] cloud-init[813]: |        ..o o =  |
[   11.350974] cloud-init[813]: |        =**B @ o |
[   11.351544] cloud-init[813]: |        oOBB# & .|
[   11.353556] cloud-init[813]: |         +EX+O.= |
[   11.354144] cloud-init[813]: +----[SHA256]-----+
[   11.354736] cloud-init[813]: Generating public/private ed25519 key pair.
[   11.355436] cloud-init[813]: Your identification has been saved in /etc/ssh/ssh_host_ed25519_key.
[   11.356468] cloud-init[813]: Your public key has been saved in /etc/ssh/ssh_host_ed25519_key.pub.
[   11.357465] cloud-init[813]: The key fingerprint is:
[   11.358033] cloud-init[813]: SHA256:2I6ycuuVfMBUrH0QWaN6bwJJ+MZmE2MexJYbMasxla4 root@ubuntu-bionic
[   11.359027] cloud-init[813]: The key's randomart image is:
[   11.359749] cloud-init[813]: +--[ED25519 256]--+
[   11.360422] cloud-init[813]: |     .==o+o      |
[   11.361035] cloud-init[813]: |     +*++. .     |
[   11.361487] cloud-init[813]: |    +oO=..       |
[   11.372107] cloud-init[813]: |     %+O. .      |
[[0;32m  OK  [0m] Started irqbalance daemon.[   11.387905] cloud-init[813]: |    ../ S.       |
[   11.388645] cloud-init[813]: |    E= O .       |

         Starting LSB: automatic crash report generation...
[   11.392202] cloud-init[813]: |    . = + o      |
         Starting LSB: Record successful boot for GRUB...
[   11.395445] cloud-init[813]: |  . .+ . o       |
[[0;32m  OK  [0m] Started Deferred execution scheduler.
         Starting Permit User Sessions...
[[0;32m  OK  [0m] Started D-Bus System Message Bus.
[   11.407359] cloud-init[813]: |   ++.           |
[   11.408117] cloud-init[813]: +----[SHA256]-----+
[[0;32m  OK  [0m] Started Login Service.
[[0;32m  OK  [0m] Started Unattended Upgrades Shutdown.
         Starting Snap Daemon...
         Starting Dispatcher daemon for systemd-networkd...
[[0;32m  OK  [0m] Started FUSE filesystem for LXC.
         Starting System Logging Service...
[[0;32m  OK  [0m] Started LXD - container startup/shutdown.
[[0;32m  OK  [0m] Started Permit User Sessions.
[[0;32m  OK  [0m] Started System Logging Service.
         Starting Authorization Manager...
         Starting Hold until boot process finishes up...
         Starting Terminate Plymouth Boot Screen...
[[0;32m  OK  [0m] Started Hold until boot process finishes up.
[[0;32m  OK  [0m] Started Terminate Plymouth Boot Screen.
         Starting Set console scheme...
[[0;32m  OK  [0m] Started Serial Getty on ttyS0.
[[0;32m  OK  [0m] Started Authorization Manager.
[[0;32m  OK  [0m] Started Accounts Service.
[[0;32m  OK  [0m] Started LSB: Record successful boot for GRUB.
[[0;32m  OK  [0m] Started LSB: automatic crash report generation.
[[0;32m  OK  [0m] Started Set console scheme.
[[0;32m  OK  [0m] Started Virtualbox guest utils.
[[0;32m  OK  [0m] Created slice system-getty.slice.
[[0;32m  OK  [0m] Started Getty on tty1.
[[0;32m  OK  [0m] Reached target Login Prompts.
[[0;32m  OK  [0m] Started Dispatcher daemon for systemd-networkd.
[[0;32m  OK  [0m] Started Snap Daemon.
         Starting Wait until snapd is fully seeded...
[[0;32m  OK  [0m] Started Pollinate to seed the pseudo random number generator.
         Starting OpenBSD Secure Shell server...
[[0;32m  OK  [0m] Started OpenBSD Secure Shell server.
[[0;32m  OK  [0m] Created slice User Slice of vagrant.
         Starting User Manager for UID 1000...
[[0;32m  OK  [0m] Started Session 1 of user vagrant.
[[0;32m  OK  [0m] Started User Manager for UID 1000.
[[0;32m  OK  [0m] Started Wait until snapd is fully seeded.
[[0;32m  OK  [0m] Reached target Multi-User System.
[[0;32m  OK  [0m] Reached target Graphical Interface.
         Starting Update UTMP about System Runlevel Changes...
         Starting Apply the settings specified in cloud-config...
[[0;32m  OK  [0m] Started Update UTMP about System Runlevel Changes.
[   15.145604] cloud-init[1311]: Cloud-init v. 21.3-1-g6803368d-0ubuntu1~18.04.4 running 'modules:config' at Sun, 31 Oct 2021 12:25:56 +0000. Up 14.35 seconds.
[[0;32m  OK  [0m] Started Apply the settings specified in cloud-config.
         Starting Execute cloud user/final scripts...
ci-info: no authorized SSH keys fingerprints found for user ubuntu.
<14>Oct 31 12:25:57 cloud-init: #############################################################
<14>Oct 31 12:25:57 cloud-init: -----BEGIN SSH HOST KEY FINGERPRINTS-----
<14>Oct 31 12:25:57 cloud-init: 1024 SHA256:cq2dNXtDsw51WbPG3j0Gp/nuFyRWkAtLpN64zxo4lcc root@ubuntu-bionic (DSA)
<14>Oct 31 12:25:57 cloud-init: 256 SHA256:Ozcb8iR/fMTB8psnY6QkGu3Y9njcqNZsjScH+6PwsrY root@ubuntu-bionic (ECDSA)
<14>Oct 31 12:25:57 cloud-init: 256 SHA256:2I6ycuuVfMBUrH0QWaN6bwJJ+MZmE2MexJYbMasxla4 root@ubuntu-bionic (ED25519)
<14>Oct 31 12:25:57 cloud-init: 2048 SHA256:KQCwbUHY3Ow/3gi6jsy01fbjEAtsfVJDBTrxgNnybtE root@ubuntu-bionic (RSA)
<14>Oct 31 12:25:57 cloud-init: -----END SSH HOST KEY FINGERPRINTS-----
<14>Oct 31 12:25:57 cloud-init: #############################################################
-----BEGIN SSH HOST KEY KEYS-----
ecdsa-sha2-nistp256 AAAAE2VjZHNhLXNoYTItbmlzdHAyNTYAAAAIbmlzdHAyNTYAAABBBNHb3681WMcoRaggtKEZSe4wyehLAd61B47rCJghxnJNsMGbo5kId6OZRWYttzMq/Kw3t+Al4CvE7gjExNazrJo= root@ubuntu-bionic
ssh-ed25519 AAAAC3NzaC1lZDI1NTE5AAAAIIuZUOuZ4f9m+V/Vdk+xkFRQ8EwvYUMj04k8Uzw9wG2R root@ubuntu-bionic
ssh-rsa AAAAB3NzaC1yc2EAAAADAQABAAABAQCszT7J8sg5oe5BKsM9oxiXAfYXB0O7/ZKw/0kdz6+5jcrBBVIpmk0cuGr9W5Jg07SioLyTkm2qGMjc33aVlFhrZLlWaUkd1Doovu0qcmYpKcRLKRo1CWsZHKF8OJqbxS3GbcMuXiRmLl/Hl5R/Hz439ZgadDe3qLy+sdYAzOlB+SPlGXJ8MWFYkeA5HGnrHEHktjQnP+N/0r67CMDVhRRYHDzpGbnZCsyOvggEE3STNEa/ay3jeQcMXrTTJAhmOCodz2lRHUow/XhUaNnJWv3HmP1OajLqMeXZ1rn5Iap2PlrC4F1FC9tGe+5SIWP3RpdU3XknCMIj4Wjf8H4fmEZz root@ubuntu-bionic
-----END SSH HOST KEY KEYS-----
[   15.957451] cloud-init[1423]: Cloud-init v. 21.3-1-g6803368d-0ubuntu1~18.04.4 running 'modules:final' at Sun, 31 Oct 2021 12:25:57 +0000. Up 15.76 seconds.
[   15.968144] cloud-init[1423]: ci-info: no authorized SSH keys fingerprints found for user ubuntu.
[   15.980173] cloud-init[1423]: Cloud-init v. 21.3-1-g6803368d-0ubuntu1~18.04.4 finished at Sun, 31 Oct 2021 12:25:57 +0000. Datasource DataSourceNoCloud [seed=/dev/sdb][dsmode=net].  Up 15.94 seconds
[[0;32m  OK  [0m] Started Execute cloud user/final scripts.
[[0;32m  OK  [0m] Reached target Cloud-init target.

Ubuntu 18.04.6 LTS ubuntu-bionic ttyS0

ubuntu-bionic login: 